This file contains any messages produced by compilers while
running configure, to aid debugging if configure makes a mistake.

It was created by gc configure 7.2alpha7, which was
generated by GNU Autoconf 2.68.  Invocation command line was

  $ /Users/strobolights/dev/mecl/ecl/src/gc-unstable/configure --disable-shared --prefix=/Users/strobolights/dev/mecl/ecl/src/ios-build --includedir=/Users/strobolights/dev/mecl/ecl/src/ios-build/ecl/ --libdir=/Users/strobolights/dev/mecl/ecl/src/ios-build --build= --host=aarch64-apple-darwin --enable-large-config CC=/Applications/Xcode.app/Contents/Developer/Toolchains/XcodeDefault.xctoolchain/usr/bin/clang -fPIC -fno-common CFLAGS=-arch arm64 -isysroot /Applications/Xcode.app/Contents/Developer/Platforms/iPhoneOS.platform/Developer/SDKs/iPhoneOS8.4.sdk/ -DAPPLE -arch arm64 -isysroot /Applications/Xcode.app/Contents/Developer/Platforms/iPhoneOS.platform/Developer/SDKs/iPhoneOS8.4.sdk/ -DAPPLE -D_THREAD_SAFE LDFLAGS= CPPFLAGS=  --enable-threads=posix

## --------- ##
## Platform. ##
## --------- ##

hostname = nakatanidaisuke839.local
uname -m = x86_64
uname -r = 14.4.0
uname -s = Darwin
uname -v = Darwin Kernel Version 14.4.0: Thu May 28 11:35:04 PDT 2015; root:xnu-2782.30.5~1/RELEASE_X86_64

/usr/bin/uname -p = i386
/bin/uname -X     = unknown

/bin/arch              = unknown
/usr/bin/arch -k       = unknown
/usr/convex/getsysinfo = unknown
/usr/bin/hostinfo      = Mach kernel version:
	 Darwin Kernel Version 14.4.0: Thu May 28 11:35:04 PDT 2015; root:xnu-2782.30.5~1/RELEASE_X86_64
Kernel configured for up to 8 processors.
4 processors are physically available.
8 processors are logically available.
Processor type: x86_64h (Intel x86-64h Haswell)
Processors active: 0 1 2 3 4 5 6 7
Primary memory available: 16.00 gigabytes
Default processor set: 351 tasks, 1583 threads, 8 processors
Load average: 3.10, Mach factor: 4.89
/bin/machine           = unknown
/usr/bin/oslevel       = unknown
/bin/universe          = unknown

PATH: /Users/strobolights/usr/local/bin
PATH: /opt/local/bin
PATH: /Users/strobolights/usr/local/bin
PATH: /Users/strobolights/usr/local/sbin
PATH: /Users/strobolights/usr/local/bin
PATH: /opt/local/bin
PATH: /Users/strobolights/usr/local/bin
PATH: /Users/strobolights/usr/local/sbin
PATH: /Applications/adt/sdk/tools
PATH: /Applications/adt/sdk/platform-tools
PATH: /Applications/adt/sdk
PATH: /Applications/adt/android-ndk-r10d
PATH: /Users/strobolights/tmp/cocos2d-x-3.6/templates
PATH: /Users/strobolights/tmp/cocos2d-x-3.6/tools/cocos2d-console/bin
PATH: /opt/local/bin
PATH: /opt/local/sbin
PATH: /usr/local/bin
PATH: /usr/bin
PATH: /bin
PATH: /usr/sbin
PATH: /sbin
PATH: /Applications/adt/ndk/
PATH: /Applications/adt/sdk/tools/
PATH: /Applications/adt/sdk/platform-tools/
PATH: /Applications/adt/ndk/toolchains/arm-linux-androideabi-4.8/prebuilt/darwin-x86_64/bin/
PATH: /Users/strobolights/homebrew/bin
PATH: /opt/local/lib/mariadb-10.0/bin/
PATH: /Applications/adt/ndk/
PATH: /Applications/adt/sdk/tools/
PATH: /Applications/adt/sdk/platform-tools/
PATH: /Applications/adt/ndk/toolchains/arm-linux-androideabi-4.8/prebuilt/darwin-x86_64/bin/
PATH: /Users/strobolights/homebrew/bin
PATH: /opt/local/lib/mariadb-10.0/bin/


## ----------- ##
## Core tests. ##
## ----------- ##

configure:2444: checking build system type
configure:2458: result: x86_64-apple-darwin14.4.0
configure:2478: checking host system type
configure:2487: error: /bin/sh /Users/strobolights/dev/mecl/ecl/src/gc-unstable/config.sub aarch64-apple-darwin failed

## ---------------- ##
## Cache variables. ##
## ---------------- ##

ac_cv_build=x86_64-apple-darwin14.4.0
ac_cv_env_CCASFLAGS_set=
ac_cv_env_CCASFLAGS_value=
ac_cv_env_CCAS_set=
ac_cv_env_CCAS_value=
ac_cv_env_CCC_set=
ac_cv_env_CCC_value=
ac_cv_env_CC_set=set
ac_cv_env_CC_value='/Applications/Xcode.app/Contents/Developer/Toolchains/XcodeDefault.xctoolchain/usr/bin/clang -fPIC -fno-common'
ac_cv_env_CFLAGS_set=set
ac_cv_env_CFLAGS_value='-arch arm64 -isysroot /Applications/Xcode.app/Contents/Developer/Platforms/iPhoneOS.platform/Developer/SDKs/iPhoneOS8.4.sdk/ -DAPPLE -arch arm64 -isysroot /Applications/Xcode.app/Contents/Developer/Platforms/iPhoneOS.platform/Developer/SDKs/iPhoneOS8.4.sdk/ -DAPPLE -D_THREAD_SAFE'
ac_cv_env_CPPFLAGS_set=set
ac_cv_env_CPPFLAGS_value=' '
ac_cv_env_CPP_set=
ac_cv_env_CPP_value=
ac_cv_env_CXXCPP_set=
ac_cv_env_CXXCPP_value=
ac_cv_env_CXXFLAGS_set=
ac_cv_env_CXXFLAGS_value=
ac_cv_env_CXX_set=
ac_cv_env_CXX_value=
ac_cv_env_LDFLAGS_set=set
ac_cv_env_LDFLAGS_value=
ac_cv_env_LIBS_set=
ac_cv_env_LIBS_value=
ac_cv_env_build_alias_set=set
ac_cv_env_build_alias_value=
ac_cv_env_host_alias_set=set
ac_cv_env_host_alias_value=aarch64-apple-darwin
ac_cv_env_target_alias_set=
ac_cv_env_target_alias_value=
ac_cv_host=

## ----------------- ##
## Output variables. ##
## ----------------- ##

ACLOCAL=''
AMDEPBACKSLASH=''
AMDEP_FALSE=''
AMDEP_TRUE=''
AMTAR=''
AR='/Applications/Xcode.app/Contents/Developer/Toolchains/XcodeDefault.xctoolchain/usr/bin/ar'
ATOMIC_OPS_LIBS=''
AUTOCONF=''
AUTOHEADER=''
AUTOMAKE=''
AVOID_CPP_LIB_FALSE=''
AVOID_CPP_LIB_TRUE=''
AWK=''
CC='/Applications/Xcode.app/Contents/Developer/Toolchains/XcodeDefault.xctoolchain/usr/bin/clang -fPIC -fno-common'
CCAS=''
CCASDEPMODE=''
CCASFLAGS=''
CCDEPMODE=''
CFLAGS='-arch arm64 -isysroot /Applications/Xcode.app/Contents/Developer/Platforms/iPhoneOS.platform/Developer/SDKs/iPhoneOS8.4.sdk/ -DAPPLE -arch arm64 -isysroot /Applications/Xcode.app/Contents/Developer/Platforms/iPhoneOS.platform/Developer/SDKs/iPhoneOS8.4.sdk/ -DAPPLE -D_THREAD_SAFE'
COMPILER_XLC_FALSE=''
COMPILER_XLC_TRUE=''
CPLUSPLUS_FALSE=''
CPLUSPLUS_TRUE=''
CPP=''
CPPFLAGS=' '
CXX=''
CXXCPP=''
CXXDEPMODE=''
CXXFLAGS=''
CXXINCLUDES=''
CYGPATH_W=''
DARWIN_THREADS_FALSE=''
DARWIN_THREADS_TRUE=''
DEFS=''
DEPDIR=''
DLLTOOL=''
DSYMUTIL=''
DUMPBIN=''
ECHO_C='\c'
ECHO_N=''
ECHO_T=''
EGREP=''
ENABLE_GCJ_SUPPORT_FALSE=''
ENABLE_GCJ_SUPPORT_TRUE=''
EXEEXT=''
EXTRA_TEST_LIBS=''
FGREP=''
GC_CFLAGS=''
GC_VERSION=''
GREP=''
INCLUDES=''
INSTALL_DATA=''
INSTALL_PROGRAM=''
INSTALL_SCRIPT=''
INSTALL_STRIP_PROGRAM=''
KEEP_BACK_PTRS_FALSE=''
KEEP_BACK_PTRS_TRUE=''
LD='/Applications/Xcode.app/Contents/Developer/Toolchains/XcodeDefault.xctoolchain/usr/bin/ld'
LDFLAGS=''
LIBOBJS=''
LIBS=''
LIBTOOL=''
LIPO=''
LN_S=''
LTLIBOBJS=''
MAINT=''
MAINTAINER_MODE_FALSE=''
MAINTAINER_MODE_TRUE=''
MAKEINFO=''
MANIFEST_TOOL=''
MKDIR_P=''
NEED_ATOMIC_OPS_ASM_FALSE=''
NEED_ATOMIC_OPS_ASM_TRUE=''
NM=''
NMEDIT=''
OBJDUMP=''
OBJEXT=''
OPENBSD_THREADS_FALSE=''
OPENBSD_THREADS_TRUE=''
OTOOL64=''
OTOOL=''
PACKAGE=''
PACKAGE_BUGREPORT='Hans.Boehm@hp.com'
PACKAGE_NAME='gc'
PACKAGE_STRING='gc 7.2alpha7'
PACKAGE_TARNAME='gc'
PACKAGE_URL=''
PACKAGE_VERSION='7.2alpha7'
PATH_SEPARATOR=':'
PTHREADS_FALSE=''
PTHREADS_TRUE=''
RANLIB='/Applications/Xcode.app/Contents/Developer/Toolchains/XcodeDefault.xctoolchain/usr/bin/ranlib'
SED=''
SET_MAKE=''
SHELL='/bin/sh'
STRIP=''
THREADDLLIBS=''
THREADS_FALSE=''
THREADS_TRUE=''
UNWINDLIBS=''
USE_INTERNAL_LIBATOMIC_OPS_FALSE=''
USE_INTERNAL_LIBATOMIC_OPS_TRUE=''
USE_LIBDIR_FALSE=''
USE_LIBDIR_TRUE=''
VERSION=''
WIN32_THREADS_FALSE=''
WIN32_THREADS_TRUE=''
ac_ct_AR=''
ac_ct_CC=''
ac_ct_CXX=''
ac_ct_DUMPBIN=''
addlibs=''
addobjs=''
am__EXEEXT_FALSE=''
am__EXEEXT_TRUE=''
am__fastdepCCAS_FALSE=''
am__fastdepCCAS_TRUE=''
am__fastdepCC_FALSE=''
am__fastdepCC_TRUE=''
am__fastdepCXX_FALSE=''
am__fastdepCXX_TRUE=''
am__include=''
am__isrc=''
am__leading_dot=''
am__quote=''
am__tar=''
am__untar=''
bindir='${exec_prefix}/bin'
build='x86_64-apple-darwin14.4.0'
build_alias=''
build_cpu='x86_64'
build_os='darwin14.4.0'
build_vendor='apple'
datadir='${datarootdir}'
datarootdir='${prefix}/share'
docdir='${datarootdir}/doc/${PACKAGE_TARNAME}'
dvidir='${docdir}'
exec_prefix='NONE'
extra_ldflags_libgc=''
host='aarch64-apple-darwin'
host_alias='aarch64-apple-darwin'
host_cpu=''
host_os=''
host_vendor=''
htmldir='${docdir}'
includedir='/Users/strobolights/dev/mecl/ecl/src/ios-build/ecl'
infodir='${datarootdir}/info'
install_sh=''
libdir='/Users/strobolights/dev/mecl/ecl/src/ios-build'
libexecdir='${exec_prefix}/libexec'
localedir='${datarootdir}/locale'
localstatedir='${prefix}/var'
mandir='${datarootdir}/man'
mkdir_p=''
oldincludedir='/usr/include'
pdfdir='${docdir}'
prefix='/Users/strobolights/dev/mecl/ecl/src/ios-build'
program_transform_name='s,x,x,'
psdir='${docdir}'
sbindir='${exec_prefix}/sbin'
sharedstatedir='${prefix}/com'
subdirs=''
sysconfdir='${prefix}/etc'
target=''
target_alias=''
target_all=''
target_cpu=''
target_os=''
target_vendor=''

## ----------- ##
## confdefs.h. ##
## ----------- ##

/* confdefs.h */
#define PACKAGE_NAME "gc"
#define PACKAGE_TARNAME "gc"
#define PACKAGE_VERSION "7.2alpha7"
#define PACKAGE_STRING "gc 7.2alpha7"
#define PACKAGE_BUGREPORT "Hans.Boehm@hp.com"
#define PACKAGE_URL ""

configure: exit 1
