'
ANDROID_NDK_ROOT=/Applications/adt/ndk/
ANDROID_SDK_ROOT=/Applications/adt/sdk
ANT_ROOT=/Applications/adt/apache-ant
AR=/Applications/Xcode.app/Contents/Developer/Toolchains/XcodeDefault.xctoolchain/usr/bin/ar
ARC2=arm64
ARC=aarch64
AS=/Applications/Xcode.app/Contents/Developer/Toolchains/XcodeDefault.xctoolchain/usr/bin/as
Apple_PubSub_Socket_Render=/private/tmp/com.apple.launchd.olqtepZZzN/Render
BASH=/bin/sh
BASH_ARGC=()
BASH_ARGV=()
BASH_LINENO=([0]="0")
BASH_SOURCE=([0]="./ios-build.sh")
BASH_VERSINFO=([0]="3" [1]="2" [2]="57" [3]="1" [4]="release" [5]="x86_64-apple-darwin14")
BASH_VERSION='3.2.57(1)-release'
BLOCKSIZE=K
CC=/Applications/Xcode.app/Contents/Developer/Toolchains/XcodeDefault.xctoolchain/usr/bin/clang
CFLAGS=' -g -O0 -arch arm64 -isysroot /Applications/Xcode.app/Contents/Developer/Platforms/iPhoneOS.platform/Developer/SDKs/iPhoneOS8.4.sdk/ -DAPPLE -I/Users/strobolights/dev/mecl/local-install/iPhoneOS-arm64/include'
COCOS_CONSOLE_ROOT=/Users/strobolights/tmp/cocos2d-x-3.6/tools/cocos2d-console/bin
COCOS_TEMPLATES_ROOT=/Users/strobolights/tmp/cocos2d-x-3.6/templates
COLUMNS=198
DIRSTACK=()
EDITOR=vi
EMACS=t
EUID=501
GROUPS=()
HOME=/Users/strobolights
HOSTNAME=nakatanidaisuke839.local
HOSTTYPE=x86_64
IFS=' 	
INSIDE_EMACS=24.5.1,comint
LANG=en_US.UTF-8
LC_ALL=en_US.UTF-8
LC_CTYPE=UTF-8
LD=/Applications/Xcode.app/Contents/Developer/Toolchains/XcodeDefault.xctoolchain/usr/bin/ld
LDFLAGS=' -isysroot /Applications/Xcode.app/Contents/Developer/Platforms/iPhoneOS.platform/Developer/SDKs/iPhoneOS8.4.sdk/ -arch arm64 -D__arm__ -L/Users/strobolights/dev/mecl/local-install/iPhoneOS-arm64/lib  '
LOGNAME=strobolights
MACHTYPE=x86_64-apple-darwin14
MANSECT=2:3:1:1aout:8:n:4:5:6:7:9:l
NDK_ROOT=/Applications/adt/android-ndk-r10d
N_SDK_DIR=/Applications/Xcode.app/Contents/Developer/Platforms/iPhoneOS.platform/Developer/SDKs/iPhoneOS8.4.sdk/
OPTERR=1
OPTIND=1
OSTYPE=darwin14
PAGER=cat
PATH=/Users/strobolights/usr/local/bin:/opt/local/bin:/Users/strobolights/usr/local/bin:/Users/strobolights/usr/local/sbin:/Users/strobolights/usr/local/bin:/opt/local/bin:/Users/strobolights/usr/local/bin:/Users/strobolights/usr/local/sbin:/Applications/adt/sdk/tools:/Applications/adt/sdk/platform-tools:/Applications/adt/sdk:/Applications/adt/android-ndk-r10d:/Users/strobolights/tmp/cocos2d-x-3.6/templates:/Users/strobolights/tmp/cocos2d-x-3.6/tools/cocos2d-console/bin:/opt/local/bin:/opt/local/sbin:/usr/local/bin:/usr/bin:/bin:/usr/sbin:/sbin:/Applications/adt/ndk/:/Applications/adt/sdk/tools/:/Applications/adt/sdk/platform-tools/:/Applications/adt/ndk/toolchains/arm-linux-androideabi-4.8/prebuilt/darwin-x86_64/bin/:/Users/strobolights/homebrew/bin:/opt/local/lib/mariadb-10.0/bin/:/Applications/adt/ndk/:/Applications/adt/sdk/tools/:/Applications/adt/sdk/platform-tools/:/Applications/adt/ndk/toolchains/arm-linux-androideabi-4.8/prebuilt/darwin-x86_64/bin/:/Users/strobolights/homebrew/bin:/opt/local/lib/mariadb-10.0/bin/
PERL5LIB=/service/otome-api-app/resort/lib
PERL_MB_OPT='--install_base "/Users/strobolights/perl5"'
PERL_MM_OPT=INSTALL_BASE=/Users/strobolights/perl5
PIPESTATUS=([0]="0")
PLATFORM_DIR=/Applications/Xcode.app/Contents/Developer/Platforms/iPhoneOS.platform
POSIXLY_CORRECT=y
PPID=88941
PREFIX=/Users/strobolights/dev/mecl/local-install/iPhoneOS-arm64
PS4='+ '
PWD=/Users/strobolights/dev/mecl/ecl-build-for-ios64
RANLIB=/Applications/Xcode.app/Contents/Developer/Toolchains/XcodeDefault.xctoolchain/usr/bin/ranlib
SHELL=/bin/bash
SHELLOPTS=braceexpand:errexit:hashall:interactive-comments:posix
SHLVL=3
SSH_AUTH_SOCK=/private/tmp/com.apple.launchd.Yg9tPXPTzZ/Listeners
TERM=dumb
TERMCAP=
TERM_PROGRAM=Apple_Terminal
TERM_PROGRAM_VERSION=343.7
TERM_SESSION_ID=1B33721C-2E53-46D3-A4BF-DB8E25B7569C
TMPDIR=/var/folders/3x/b0c6sd7s4435wsg6sys80mcc0000gn/T/
TOOLCHAINS_BINDIR=/Applications/Xcode.app/Contents/Developer/Platforms/iPhoneOS.platform/Developer/usr/bin
UID=501
USER=strobolights
XPC_FLAGS=0x0
XPC_SERVICE_NAME=0
_=LDFLAGS
__CF_USER_TEXT_ENCODING=0x1F5:0x0:0x0
sdk=iphoneos
