This file contains any messages produced by compilers while
running configure, to aid debugging if configure makes a mistake.

It was created by ecl configure 12.12.1, which was
generated by GNU Autoconf 2.69.  Invocation command line was

  $ ./configure --srcdir=/Users/strobolights/dev/mecl/ecl/src --prefix=/Users/strobolights/dev/mecl/local-install/iPhoneOS-arm64 --target=aarch64-apple-darwin --host=aarch64-apple-darwin --disable-shared --enable-libatomic=system

## --------- ##
## Platform. ##
## --------- ##

hostname = nakatanidaisuke839.local
uname -m = x86_64
uname -r = 14.4.0
uname -s = Darwin
uname -v = Darwin Kernel Version 14.4.0: Thu May 28 11:35:04 PDT 2015; root:xnu-2782.30.5~1/RELEASE_X86_64

/usr/bin/uname -p = i386
/bin/uname -X     = unknown

/bin/arch              = unknown
/usr/bin/arch -k       = unknown
/usr/convex/getsysinfo = unknown
/usr/bin/hostinfo      = Mach kernel version:
	 Darwin Kernel Version 14.4.0: Thu May 28 11:35:04 PDT 2015; root:xnu-2782.30.5~1/RELEASE_X86_64
Kernel configured for up to 8 processors.
4 processors are physically available.
8 processors are logically available.
Processor type: x86_64h (Intel x86-64h Haswell)
Processors active: 0 1 2 3 4 5 6 7
Primary memory available: 16.00 gigabytes
Default processor set: 345 tasks, 1618 threads, 8 processors
Load average: 2.35, Mach factor: 5.64
/bin/machine           = unknown
/usr/bin/oslevel       = unknown
/bin/universe          = unknown

PATH: /Users/strobolights/usr/local/bin
PATH: /opt/local/bin
PATH: /Users/strobolights/usr/local/bin
PATH: /Users/strobolights/usr/local/sbin
PATH: /Users/strobolights/usr/local/bin
PATH: /opt/local/bin
PATH: /Users/strobolights/usr/local/bin
PATH: /Users/strobolights/usr/local/sbin
PATH: /Applications/adt/sdk/tools
PATH: /Applications/adt/sdk/platform-tools
PATH: /Applications/adt/sdk
PATH: /Applications/adt/android-ndk-r10d
PATH: /Users/strobolights/tmp/cocos2d-x-3.6/templates
PATH: /Users/strobolights/tmp/cocos2d-x-3.6/tools/cocos2d-console/bin
PATH: /opt/local/bin
PATH: /opt/local/sbin
PATH: /usr/local/bin
PATH: /usr/bin
PATH: /bin
PATH: /usr/sbin
PATH: /sbin
PATH: /Applications/adt/ndk/
PATH: /Applications/adt/sdk/tools/
PATH: /Applications/adt/sdk/platform-tools/
PATH: /Applications/adt/ndk/toolchains/arm-linux-androideabi-4.8/prebuilt/darwin-x86_64/bin/
PATH: /Users/strobolights/homebrew/bin
PATH: /opt/local/lib/mariadb-10.0/bin/
PATH: /Applications/adt/ndk/
PATH: /Applications/adt/sdk/tools/
PATH: /Applications/adt/sdk/platform-tools/
PATH: /Applications/adt/ndk/toolchains/arm-linux-androideabi-4.8/prebuilt/darwin-x86_64/bin/
PATH: /Users/strobolights/homebrew/bin
PATH: /opt/local/lib/mariadb-10.0/bin/


## ----------- ##
## Core tests. ##
## ----------- ##

configure:2578: error: This program cannot be built within the source directory

## ---------------- ##
## Cache variables. ##
## ---------------- ##

ac_cv_env_CCC_set=
ac_cv_env_CCC_value=
ac_cv_env_CC_set=set
ac_cv_env_CC_value=/Applications/Xcode.app/Contents/Developer/Toolchains/XcodeDefault.xctoolchain/usr/bin/clang
ac_cv_env_CFLAGS_set=set
ac_cv_env_CFLAGS_value='-arch arm64 -isysroot /Applications/Xcode.app/Contents/Developer/Platforms/iPhoneOS.platform/Developer/SDKs/iPhoneOS8.4.sdk/ -DAPPLE'
ac_cv_env_CPPFLAGS_set=
ac_cv_env_CPPFLAGS_value=
ac_cv_env_CPP_set=
ac_cv_env_CPP_value=
ac_cv_env_CXXFLAGS_set=
ac_cv_env_CXXFLAGS_value=
ac_cv_env_CXX_set=
ac_cv_env_CXX_value=
ac_cv_env_LDFLAGS_set=set
ac_cv_env_LDFLAGS_value=
ac_cv_env_LIBS_set=
ac_cv_env_LIBS_value=
ac_cv_env_XMKMF_set=
ac_cv_env_XMKMF_value=
ac_cv_env_build_alias_set=
ac_cv_env_build_alias_value=
ac_cv_env_host_alias_set=set
ac_cv_env_host_alias_value=aarch64-apple-darwin
ac_cv_env_target_alias_set=set
ac_cv_env_target_alias_value=aarch64-apple-darwin

## ----------------- ##
## Output variables. ##
## ----------------- ##

AR='/Applications/Xcode.app/Contents/Developer/Toolchains/XcodeDefault.xctoolchain/usr/bin/ar'
ARCHITECTURE=''
BUNDLE_LDFLAGS=''
CC='/Applications/Xcode.app/Contents/Developer/Toolchains/XcodeDefault.xctoolchain/usr/bin/clang'
CFLAGS='-arch arm64 -isysroot /Applications/Xcode.app/Contents/Developer/Platforms/iPhoneOS.platform/Developer/SDKs/iPhoneOS8.4.sdk/ -DAPPLE'
CHAR_CODE_LIMIT=''
CLX_INFO=''
CL_FIXNUM_BITS=''
CL_FIXNUM_MAX=''
CL_FIXNUM_MIN=''
CL_FIXNUM_TYPE=''
CL_INT_BITS=''
CL_LONG_BITS=''
CORE_LIBS=''
CP=''
CPP=''
CPPFLAGS=''
CXX=''
CXXFLAGS=''
DEBUG_CFLAGS=''
DEFS=''
ECHO_C='\c'
ECHO_N=''
ECHO_T=''
ECL_BOEHM_GC_HEADER=''
ECL_CC=''
ECL_CFLAGS=''
ECL_CHARACTER=''
ECL_CMPDIR=''
ECL_EXTRA_LISP_FILES=''
ECL_FILE_CNT=''
ECL_FPE_CODE=''
ECL_GC_DIR=''
ECL_GMP_HEADER=''
ECL_INIT_FORM=''
ECL_LDRPATH=''
ECL_LIBFFI_HEADER=''
ECL_LONGJMP=''
ECL_SETJMP=''
ECL_STDINT_HEADER=''
ECL_VERSION_NUMBER=''
EGREP=''
ETAGS=''
EXEEXT=''
EXE_SUFFIX=''
EXTRA_OBJS=''
FASL_LIBS=''
GMP_CPPFLAGS=''
GMP_LDFLAGS=''
GREP=''
INFOEXT=''
INSTALL_DATA=''
INSTALL_INFO=''
INSTALL_PROGRAM=''
INSTALL_SCRIPT=''
INSTALL_TARGET=''
LDFLAGS=''
LIBEXT=''
LIBOBJS=''
LIBPREFIX=''
LIBRARIES=''
LIBS=''
LN_S=''
LSP_FEATURES=''
LSP_LIBRARIES=''
LTLIBOBJS=''
MACHINE_VERSION=''
MV=''
OBJEXT=''
PACKAGE_BUGREPORT=''
PACKAGE_NAME='ecl'
PACKAGE_STRING='ecl 12.12.1'
PACKAGE_TARNAME='ecl'
PACKAGE_URL=''
PACKAGE_VERSION='12.12.1'
PATH_SEPARATOR=':'
POW_LIB=''
RANLIB='/Applications/Xcode.app/Contents/Developer/Toolchains/XcodeDefault.xctoolchain/usr/bin/ranlib'
RM=''
SET_MAKE=''
SHAREDEXT=''
SHAREDPREFIX=''
SHARED_LDFLAGS=''
SHELL='/bin/sh'
SOFTWARE_TYPE=''
SOFTWARE_VERSION=''
SONAME1=''
SONAME2=''
SONAME3=''
SONAME=''
SONAME_LDFLAGS=''
SUBDIRS=''
TARGETS=''
XMKMF=''
ac_ct_CC=''
ac_ct_CXX=''
bindir='${exec_prefix}/bin'
build=''
build_alias=''
build_cpu=''
build_os=''
build_vendor=''
buildir=''
datadir='${datarootdir}'
datarootdir='${prefix}/share'
docdir='${datarootdir}/doc/${PACKAGE_TARNAME}'
dvidir='${docdir}'
ecldir=''
exec_prefix='NONE'
host='aarch64-apple-darwin'
host_alias='aarch64-apple-darwin'
host_cpu=''
host_os=''
host_vendor=''
htmldir='${docdir}'
includedir='${prefix}/include'
infodir='${datarootdir}/info'
libdir='${exec_prefix}/lib'
libexecdir='${exec_prefix}/libexec'
localedir='${datarootdir}/locale'
localstatedir='${prefix}/var'
mandir='${datarootdir}/man'
oldincludedir='/usr/include'
pdfdir='${docdir}'
prefix='/Users/strobolights/dev/mecl/local-install/iPhoneOS-arm64'
program_transform_name='s,x,x,'
psdir='${docdir}'
sbindir='${exec_prefix}/sbin'
sharedstatedir='${prefix}/com'
sysconfdir='${prefix}/etc'
target_alias='aarch64-apple-darwin'
thehost=''
true_builddir=''
true_srcdir=''

## ----------- ##
## confdefs.h. ##
## ----------- ##

/* confdefs.h */
#define PACKAGE_NAME "ecl"
#define PACKAGE_TARNAME "ecl"
#define PACKAGE_VERSION "12.12.1"
#define PACKAGE_STRING "ecl 12.12.1"
#define PACKAGE_BUGREPORT ""
#define PACKAGE_URL ""

configure: exit 1
